<?xml version="1.0" encoding="UTF-8"?>
<!-- Generated by org.testng.reporters.JUnitReportReporter -->
<testsuite skipped="0" hostname="DESKTOP-COEEAOS" name="com.training.sanity.tests.RegionsPageTest" tests="2" failures="0" timestamp="03 Sep 2019 11:17:04 GMT" time="46.920" errors="0">
  <testcase name="AdminLogin" time="8.792" classname="com.training.sanity.tests.RegionsPageTest"/>
  <testcase name="RETC_045" time="38.128" classname="com.training.sanity.tests.RegionsPageTest"/>
</testsuite> <!-- com.training.sanity.tests.RegionsPageTest -->
