<?xml version="1.0" encoding="UTF-8"?>
<!-- Generated by org.testng.reporters.JUnitReportReporter -->
<testsuite skipped="0" hostname="DESKTOP-COEEAOS" name="com.training.sanity.tests.AddPropertiesTest" tests="2" failures="0" timestamp="04 Sep 2019 11:22:00 GMT" time="35.832" errors="0">
  <testcase name="AdminLogin" time="7.510" classname="com.training.sanity.tests.AddPropertiesTest"/>
  <testcase name="RETC_043" time="28.322" classname="com.training.sanity.tests.AddPropertiesTest"/>
</testsuite> <!-- com.training.sanity.tests.AddPropertiesTest -->
