<?xml version="1.0" encoding="UTF-8"?>
<!-- Generated by org.testng.reporters.JUnitReportReporter -->
<testsuite skipped="0" hostname="DESKTOP-COEEAOS" name="com.training.regression.tests.LoginExcelTest" tests="1" failures="0" timestamp="05 Sep 2019 04:44:27 GMT" time="20.588" errors="0">
  <testcase name="loginDBTest" time="20.588" classname="com.training.regression.tests.LoginExcelTest"/>
</testsuite> <!-- com.training.regression.tests.LoginExcelTest -->
