<?xml version="1.0" encoding="UTF-8"?>
<!-- Generated by org.testng.reporters.JUnitReportReporter -->
<testsuite skipped="0" hostname="DESKTOP-COEEAOS" name="com.training.sanity.tests.AdminLoginTest" tests="1" failures="0" timestamp="26 Aug 2019 14:03:39 GMT" time="8.504" errors="0">
  <testcase name="AdminLogin" time="8.504" classname="com.training.sanity.tests.AdminLoginTest"/>
</testsuite> <!-- com.training.sanity.tests.AdminLoginTest -->
