<?xml version="1.0" encoding="UTF-8"?>
<!-- Generated by org.testng.reporters.JUnitReportReporter -->
<testsuite skipped="0" hostname="DESKTOP-COEEAOS" name="com.training.sanity.tests.FeaturesPageTest" tests="2" failures="0" timestamp="03 Sep 2019 12:00:10 GMT" time="47.671" errors="0">
  <testcase name="AdminLogin" time="8.401" classname="com.training.sanity.tests.FeaturesPageTest"/>
  <testcase name="RETC_044" time="39.270" classname="com.training.sanity.tests.FeaturesPageTest"/>
</testsuite> <!-- com.training.sanity.tests.FeaturesPageTest -->
