<?xml version="1.0" encoding="UTF-8"?>
<!-- Generated by org.testng.reporters.JUnitReportReporter -->
<testsuite skipped="0" hostname="DESKTOP-COEEAOS" name="com.training.sanity.tests.AdminLoginTest" tests="4" failures="0" timestamp="05 Sep 2019 08:55:23 GMT" time="68.778" errors="0">
  <testcase name="AdminLogin" time="7.157" classname="com.training.sanity.tests.AdminLoginTest"/>
  <testcase name="PropertiesTest" time="22.894" classname="com.training.sanity.tests.AdminLoginTest"/>
  <testcase name="FeaturesTest" time="18.742" classname="com.training.sanity.tests.AdminLoginTest"/>
  <testcase name="RegionsTest" time="19.985" classname="com.training.sanity.tests.AdminLoginTest"/>
</testsuite> <!-- com.training.sanity.tests.AdminLoginTest -->
