<?xml version="1.0" encoding="UTF-8"?>
<!-- Generated by org.testng.reporters.JUnitReportReporter -->
<testsuite skipped="0" hostname="DESKTOP-COEEAOS" name="com.training.sanity.tests.LoginTests" tests="1" failures="0" timestamp="27 Aug 2019 13:50:04 GMT" time="40.665" errors="0">
  <testcase name="validLoginTest" time="40.665" classname="com.training.sanity.tests.LoginTests"/>
</testsuite> <!-- com.training.sanity.tests.LoginTests -->
