<?xml version="1.0" encoding="UTF-8"?>
<!-- Generated by org.testng.reporters.JUnitReportReporter -->
<testsuite skipped="0" hostname="DESKTOP-COEEAOS" name="com.training.sanity.tests.EditProfileTests" tests="2" failures="0" timestamp="27 Aug 2019 05:38:37 GMT" time="27.848" errors="0">
  <testcase name="AdminLogin" time="8.585" classname="com.training.sanity.tests.EditProfileTests"/>
  <testcase name="EditProfile" time="19.263" classname="com.training.sanity.tests.EditProfileTests"/>
</testsuite> <!-- com.training.sanity.tests.EditProfileTests -->
