<?xml version="1.0" encoding="UTF-8"?>
<!-- Generated by org.testng.reporters.JUnitReportReporter -->
<testsuite skipped="0" hostname="DESKTOP-COEEAOS" name="com.training.sanity.tests.LoginTests" tests="1" failures="0" timestamp="20 Aug 2019 10:00:45 GMT" time="36.203" errors="0">
  <testcase name="validLoginTest" time="36.203" classname="com.training.sanity.tests.LoginTests"/>
</testsuite> <!-- com.training.sanity.tests.LoginTests -->
